Build started 3/10/2016 10:06:13 PM.
     1>Project "C:\Users\Kevin\Downloads\NYUCodebasePong-master\NYUCodebasePong-master\NYUCodebase\NYUCodebase.vcxproj" on node 2 (Build target(s)).
     1>ClCompile:
         C:\Program Files (x86)\Microsoft Visual Studio 12.0\VC\bin\CL.exe /c /I"C:\SDL2_mixer-2.0.1" /IC:\SDL2\include /IC:\SDL2_image\include /IC:\glew\include /IC:\SDL2_mixer\include /ZI /nologo /W3 /WX- /sdl /Od /Oy- /D _WINDOWS /D _MBCS /D _MBCS /Gm /EHsc /RTC1 /MDd /GS /fp:precise /Zc:wchar_t /Zc:forScope /Fo"Debug\\" /Fd"Debug\vc120.pdb" /Gd /TP /analyze- /errorReport:prompt main.cpp
         main.cpp
     1>c:\users\kevin\downloads\nyucodebasepong-master\nyucodebasepong-master\nyucodebase\main.cpp(26): warning C4244: '=' : conversion from 'int' to 'float', possible loss of data
     1>c:\users\kevin\downloads\nyucodebasepong-master\nyucodebasepong-master\nyucodebase\main.cpp(27): warning C4244: '=' : conversion from 'int' to 'float', possible loss of data
     1>c:\users\kevin\downloads\nyucodebasepong-master\nyucodebasepong-master\nyucodebase\main.cpp(40): warning C4244: '=' : conversion from 'int' to 'float', possible loss of data
     1>c:\users\kevin\downloads\nyucodebasepong-master\nyucodebasepong-master\nyucodebase\main.cpp(41): warning C4244: '=' : conversion from 'int' to 'float', possible loss of data
     1>c:\users\kevin\downloads\nyucodebasepong-master\nyucodebasepong-master\nyucodebase\main.cpp(89): warning C4244: 'argument' : conversion from 'double' to 'int', possible loss of data
     1>c:\users\kevin\downloads\nyucodebasepong-master\nyucodebasepong-master\nyucodebase\main.cpp(90): warning C4244: 'argument' : conversion from 'double' to 'int', possible loss of data
     1>c:\users\kevin\downloads\nyucodebasepong-master\nyucodebasepong-master\nyucodebase\main.cpp(91): warning C4244: 'argument' : conversion from 'double' to 'int', possible loss of data
     1>c:\users\kevin\downloads\nyucodebasepong-master\nyucodebasepong-master\nyucodebase\main.cpp(107): warning C4305: 'argument' : truncation from 'double' to 'float'
     1>c:\users\kevin\downloads\nyucodebasepong-master\nyucodebasepong-master\nyucodebase\main.cpp(175): warning C4244: 'argument' : conversion from 'double' to 'float', possible loss of data
     1>c:\users\kevin\downloads\nyucodebasepong-master\nyucodebasepong-master\nyucodebase\main.cpp(176): warning C4244: '-=' : conversion from 'double' to 'float', possible loss of data
     1>c:\users\kevin\downloads\nyucodebasepong-master\nyucodebasepong-master\nyucodebase\main.cpp(181): warning C4244: 'argument' : conversion from 'double' to 'float', possible loss of data
     1>c:\users\kevin\downloads\nyucodebasepong-master\nyucodebasepong-master\nyucodebase\main.cpp(182): warning C4244: '+=' : conversion from 'double' to 'float', possible loss of data
       Link:
         C:\Program Files (x86)\Microsoft Visual Studio 12.0\VC\bin\link.exe /ERRORREPORT:PROMPT /OUT:"C:\Users\Kevin\Downloads\NYUCodebasePong-master\NYUCodebasePong-master\Debug\NYUCodebase.exe" /INCREMENTAL /NOLOGO /LIBPATH:C:\SDL2_mixer\lib\x86 /LIBPATH:C:\SDL2\lib\x86 /LIBPATH:C:\SDL2_image\lib\x86 /LIBPATH:C:\glew\lib\Release\Win32 SDL2.lib SDL2_mixer.lib glew32.lib SDL2main.lib SDL2_image.lib OpenGL32.lib /MANIFEST /MANIFESTUAC:"level='asInvoker' uiAccess='false'" /manifest:embed /DEBUG /PDB:"C:\Users\Kevin\Downloads\NYUCodebasePong-master\NYUCodebasePong-master\Debug\NYUCodebase.pdb" /SUBSYSTEM:WINDOWS /TLBID:1 /DYNAMICBASE /NXCOMPAT /IMPLIB:"C:\Users\Kevin\Downloads\NYUCodebasePong-master\NYUCodebasePong-master\Debug\NYUCodebase.lib" /MACHINE:X86 Debug\main.obj
         Debug\Matrix.obj
         Debug\ShaderProgram.obj
         NYUCodebase.vcxproj -> C:\Users\Kevin\Downloads\NYUCodebasePong-master\NYUCodebasePong-master\Debug\NYUCodebase.exe
     1>Done Building Project "C:\Users\Kevin\Downloads\NYUCodebasePong-master\NYUCodebasePong-master\NYUCodebase\NYUCodebase.vcxproj" (Build target(s)).

Build succeeded.

Time Elapsed 00:00:01.92
